<?xml version="1.0" encoding="UTF-8"?>
<coverage generated="1549988386988" clover="3.2.0">
  <project timestamp="1549988386988" name="All files">
    <metrics statements="12" coveredstatements="8" conditionals="0" coveredconditionals="0" methods="5" coveredmethods="5" elements="17" coveredelements="13" complexity="0" loc="12" ncloc="12" packages="2" files="3" classes="3">
      <package name="components.authentication">
        <metrics statements="2" coveredstatements="0" conditionals="0" coveredconditionals="0" methods="0" coveredmethods="0"/>
        <file name="signup.cmp.vue" path="/Users/adebayooluwadamilola/Code/bookApp/src/components/authentication/signup.cmp.vue">
          <metrics statements="2" coveredstatements="0" conditionals="0" coveredconditionals="0" methods="0" coveredmethods="0"/>
          <line num="20" count="0" type="stmt"/>
          <line num="30" count="0" type="stmt"/>
        </file>
      </package>
      <package name="store.modules">
        <metrics statements="10" coveredstatements="8" conditionals="0" coveredconditionals="0" methods="5" coveredmethods="5"/>
        <file name="authentication.js" path="/Users/adebayooluwadamilola/Code/bookApp/src/store/modules/authentication.js">
          <metrics statements="9" coveredstatements="8" conditionals="0" coveredconditionals="0" methods="5" coveredmethods="5"/>
          <line num="4" count="1" type="stmt"/>
          <line num="10" count="1" type="stmt"/>
          <line num="11" count="1" type="stmt"/>
          <line num="15" count="1" type="stmt"/>
          <line num="18" count="1" type="stmt"/>
          <line num="23" count="1" type="stmt"/>
          <line num="24" count="1" type="stmt"/>
          <line num="25" count="1" type="stmt"/>
          <line num="28" count="0" type="stmt"/>
        </file>
        <file name="error.js" path="/Users/adebayooluwadamilola/Code/bookApp/src/store/modules/error.js">
          <metrics statements="1" coveredstatements="0" conditionals="0" coveredconditionals="0" methods="0" coveredmethods="0"/>
          <line num="4" count="0" type="stmt"/>
        </file>
      </package>
    </metrics>
  </project>
</coverage>
