{"/Users/faithngetich/learn/vue/bookApp/src/store/modules/authentication.js": {"path":"/Users/faithngetich/learn/vue/bookApp/src/store/modules/authentication.js","statementMap":{"0":{"start":{"line":5,"column":23},"end":{"line":23,"column":1}},"1":{"start":{"line":11,"column":26},"end":{"line":11,"column":36}},"2":{"start":{"line":12,"column":28},"end":{"line":12,"column":44}},"3":{"start":{"line":16,"column":6},"end":{"line":16,"column":27}},"4":{"start":{"line":19,"column":6},"end":{"line":19,"column":30}}},"fnMap":{"0":{"name":"(anonymous_0)","decl":{"start":{"line":11,"column":17},"end":{"line":11,"column":18}},"loc":{"start":{"line":11,"column":26},"end":{"line":11,"column":36}},"line":11},"1":{"name":"(anonymous_1)","decl":{"start":{"line":12,"column":19},"end":{"line":12,"column":20}},"loc":{"start":{"line":12,"column":28},"end":{"line":12,"column":44}},"line":12},"2":{"name":"(anonymous_2)","decl":{"start":{"line":15,"column":17},"end":{"line":15,"column":18}},"loc":{"start":{"line":15,"column":37},"end":{"line":17,"column":5}},"line":15},"3":{"name":"(anonymous_3)","decl":{"start":{"line":18,"column":19},"end":{"line":18,"column":20}},"loc":{"start":{"line":18,"column":30},"end":{"line":20,"column":5}},"line":18}},"branchMap":{},"s":{"0":1,"1":1,"2":1,"3":1,"4":1},"f":{"0":1,"1":1,"2":1,"3":1},"b":{},"_coverageSchema":"332fd63041d2c1bcb487cc26dd0d5f7d97098a6c","hash":"e3bce1ba3edcb55337fa8fe17c195a2353a4dd2e"}
}
