TN:
SF:/Users/adebayooluwadamilola/Code/bookApp/src/components/authentication/signup.cmp.vue
FNF:0
FNH:0
DA:20,0
DA:30,0
LF:2
LH:0
BRF:0
BRH:0
end_of_record
TN:
SF:/Users/adebayooluwadamilola/Code/bookApp/src/store/modules/authentication.js
FN:10,(anonymous_0)
FN:11,(anonymous_1)
FN:14,(anonymous_2)
FN:17,(anonymous_3)
FN:22,(anonymous_4)
FNF:5
FNH:5
FNDA:1,(anonymous_0)
FNDA:1,(anonymous_1)
FNDA:1,(anonymous_2)
FNDA:1,(anonymous_3)
FNDA:1,(anonymous_4)
DA:4,1
DA:10,1
DA:11,1
DA:15,1
DA:18,1
DA:23,1
DA:24,1
DA:25,1
DA:28,0
LF:9
LH:8
BRF:0
BRH:0
end_of_record
TN:
SF:/Users/adebayooluwadamilola/Code/bookApp/src/store/modules/error.js
FNF:0
FNH:0
DA:4,0
LF:1
LH:0
BRF:0
BRH:0
end_of_record
